

Microchip Technology PIC LITE Macro Assembler V1.21 build 54009 
                                                                                               Thu Dec  5 21:29:37 2013

Microchip Technology Omniscient Code Generator (Lite mode) build 54009
     1                           	processor	16F88
     2                           	opt	pw 120
     3                           	opt	lm
     4                           	psect	text0,local,class=CODE,merge=1,delta=2
     5                           	psect	cinit,global,class=CODE,merge=1,delta=2
     6                           	psect	cstackCOMMON,global,class=COMMON,space=1,delta=1
     7                           	psect	cstackBANK0,global,class=BANK0,space=1,delta=1
     8                           	psect	maintext,global,class=CODE,split=1,delta=2
     9                           	psect	text1,local,class=CODE,merge=1,delta=2
    10                           	psect	text2,local,class=CODE,merge=1,delta=2
    11                           	dabs	1,0x7E,2
    12  0000                     	;# 
    13  0001                     	;# 
    14  0002                     	;# 
    15  0003                     	;# 
    16  0004                     	;# 
    17  0005                     	;# 
    18  0006                     	;# 
    19  000A                     	;# 
    20  000B                     	;# 
    21  000C                     	;# 
    22  000D                     	;# 
    23  000E                     	;# 
    24  000E                     	;# 
    25  000F                     	;# 
    26  0010                     	;# 
    27  0011                     	;# 
    28  0012                     	;# 
    29  0013                     	;# 
    30  0014                     	;# 
    31  0015                     	;# 
    32  0015                     	;# 
    33  0016                     	;# 
    34  0017                     	;# 
    35  0018                     	;# 
    36  0019                     	;# 
    37  001A                     	;# 
    38  001E                     	;# 
    39  001F                     	;# 
    40  0081                     	;# 
    41  0085                     	;# 
    42  0086                     	;# 
    43  008C                     	;# 
    44  008D                     	;# 
    45  008E                     	;# 
    46  008F                     	;# 
    47  0090                     	;# 
    48  0092                     	;# 
    49  0093                     	;# 
    50  0094                     	;# 
    51  0098                     	;# 
    52  0099                     	;# 
    53  009B                     	;# 
    54  009C                     	;# 
    55  009D                     	;# 
    56  009E                     	;# 
    57  009F                     	;# 
    58  0105                     	;# 
    59  010C                     	;# 
    60  010D                     	;# 
    61  010E                     	;# 
    62  010F                     	;# 
    63  018C                     	;# 
    64  018D                     	;# 
    65  0017                     _CCP1CONbits	set	23
    66  000B                     _INTCON	set	11
    67  0006                     _PORTBbits	set	6
    68  0018                     _RCSTAbits	set	24
    69  0014                     _SSPCONbits	set	20
    70  008F                     _OSCCON	set	143
    71  0085                     _TRISAbits	set	133
    72  0086                     _TRISBbits	set	134
    73                           
    74                           	psect	text0
    75  0000                     __ptext0:	
    76                           
    77                           ;psect for function ___awdiv
    78                           ; #config settings
    79  0000                     
    80                           	psect	cinit
    81  07FD                     start_initialization:	
    82  07FD                     __initialization:	
    83  07FD                     end_of_initialization:	
    84                           ;End of C runtime variable initialization code
    85                           
    86  07FD                     __end_of__initialization:	
    87  07FD  0183               	clrf	3
    88  07FE  118A  2EC4         	ljmp	_main	;jump to C main() function
    89                           
    90                           	psect	cstackCOMMON
    91  0070                     __pcstackCOMMON:	
    92  0070                     ?_main:	
    93  0070                     ?___wmul:	
    94                           ; 0 bytes @ 0x0
    95                           
    96  0070                     ___wmul@multiplier:	
    97                           ; 2 bytes @ 0x0
    98                           
    99                           
   100                           ; 2 bytes @ 0x0
   101  0070                     	ds	2
   102  0072                     ___wmul@multiplicand:	
   103                           
   104                           ; 2 bytes @ 0x2
   105  0072                     	ds	2
   106  0074                     ??___wmul:	
   107  0074                     ___wmul@product:	
   108                           ; 0 bytes @ 0x4
   109                           
   110                           
   111                           ; 2 bytes @ 0x4
   112  0074                     	ds	2
   113  0076                     ?___awdiv:	
   114  0076                     ___awdiv@divisor:	
   115                           ; 2 bytes @ 0x6
   116                           
   117                           
   118                           ; 2 bytes @ 0x6
   119  0076                     	ds	2
   120  0078                     ___awdiv@dividend:	
   121                           
   122                           ; 2 bytes @ 0x8
   123  0078                     	ds	2
   124  007A                     ??___awdiv:	
   125                           
   126                           ; 0 bytes @ 0xA
   127  007A                     	ds	1
   128                           
   129                           	psect	cstackBANK0
   130  0020                     __pcstackBANK0:	
   131  0020                     ___awdiv@counter:	
   132                           
   133                           ; 1 bytes @ 0x0
   134  0020                     	ds	1
   135  0021                     ___awdiv@sign:	
   136                           
   137                           ; 1 bytes @ 0x1
   138  0021                     	ds	1
   139  0022                     ___awdiv@quotient:	
   140                           
   141                           ; 2 bytes @ 0x2
   142  0022                     	ds	2
   143  0024                     ??_main:	
   144                           
   145                           ; 0 bytes @ 0x4
   146  0024                     	ds	4
   147  0028                     main@a:	
   148                           
   149                           ; 2 bytes @ 0x8
   150  0028                     	ds	2
   151  002A                     main@b:	
   152                           
   153                           ; 2 bytes @ 0xA
   154  002A                     	ds	2
   155  002C                     main@c:	
   156                           
   157                           ; 2 bytes @ 0xC
   158  002C                     	ds	2
   159  002E                     main@d:	
   160                           
   161                           ; 2 bytes @ 0xE
   162  002E                     	ds	2
   163  0030                     main@Text:	
   164                           
   165                           ; 4 bytes @ 0x10
   166  0030                     	ds	4
   167  0034                     main@Tint:	
   168                           
   169                           ; 4 bytes @ 0x14
   170  0034                     	ds	4
   171  0038                     main@calInt:	
   172                           
   173                           ; 1 bytes @ 0x18
   174  0038                     	ds	1
   175  0039                     main@raw:	
   176                           
   177                           ; 4 bytes @ 0x19
   178  0039                     	ds	4
   179  003D                     main@i:	
   180                           
   181                           ; 1 bytes @ 0x1D
   182  003D                     	ds	1
   183  003E                     main@MAXdata:	
   184                           
   185                           ; 4 bytes @ 0x1E
   186  003E                     	ds	4
   187                           
   188                           	psect	maintext
   189  06C4                     __pmaintext:	
   190 ;;
   191 ;;Main: autosize = 0, tempsize = 4, incstack = 0, save=0
   192 ;;
   193 ;; *************** function _main *****************
   194 ;; Defined at:
   195 ;;		line 45 in file "main.c"
   196 ;; Parameters:    Size  Location     Type
   197 ;;		None
   198 ;; Auto vars:     Size  Location     Type
   199 ;;  d               2   14[BANK0 ] int 
   200 ;;  c               2   12[BANK0 ] int 
   201 ;;  b               2   10[BANK0 ] int 
   202 ;;  a               2    8[BANK0 ] int 
   203 ;;  MAXdata         4   30[BANK0 ] struct .
   204 ;;  raw             4   25[BANK0 ] unsigned long 
   205 ;;  Tint            4   20[BANK0 ] long 
   206 ;;  Text            4   16[BANK0 ] long 
   207 ;;  i               1   29[BANK0 ] unsigned char 
   208 ;;  calInt          1   24[BANK0 ] unsigned char 
   209 ;; Return value:  Size  Location     Type
   210 ;;		None               void
   211 ;; Registers used:
   212 ;;		wreg, status,2, status,0, btemp+1, pclath, cstack
   213 ;; Tracked objects:
   214 ;;		On entry : 17F/0
   215 ;;		On exit  : 0/0
   216 ;;		Unchanged: 0/0
   217 ;; Data sizes:     COMMON   BANK0   BANK1   BANK3   BANK2
   218 ;;      Params:         0       0       0       0       0
   219 ;;      Locals:         0      26       0       0       0
   220 ;;      Temps:          0       4       0       0       0
   221 ;;      Totals:         0      30       0       0       0
   222 ;;Total ram usage:       30 bytes
   223 ;; Hardware stack levels required when called:    1
   224 ;; This function calls:
   225 ;;		___awdiv
   226 ;;		___wmul
   227 ;; This function is called by:
   228 ;;		Startup code after reset
   229 ;; This function uses a non-reentrant model
   230 ;;
   231                           
   232                           
   233                           ;psect for function _main
   234  06C4                     _main:	
   235                           
   236                           ;main.c: 47: char i=0;
   237                           
   238                           ;incstack = 0
   239                           ; Regs used in _main: [wreg+status,2+status,0+btemp+1+pclath+cstack]
   240  06C4  1283               	bcf	3,5	;RP0=0, select bank0
   241  06C5  1303               	bcf	3,6	;RP1=0, select bank0
   242  06C6  01BD               	clrf	main@i
   243                           
   244                           ;main.c: 49: long int Text=0,Tint=0;
   245  06C7  3000               	movlw	0
   246  06C8  00B3               	movwf	main@Text+3
   247  06C9  3000               	movlw	0
   248  06CA  00B2               	movwf	main@Text+2
   249  06CB  3000               	movlw	0
   250  06CC  00B1               	movwf	main@Text+1
   251  06CD  3000               	movlw	0
   252  06CE  00B0               	movwf	main@Text
   253  06CF  3000               	movlw	0
   254  06D0  00B7               	movwf	main@Tint+3
   255  06D1  3000               	movlw	0
   256  06D2  00B6               	movwf	main@Tint+2
   257  06D3  3000               	movlw	0
   258  06D4  00B5               	movwf	main@Tint+1
   259  06D5  3000               	movlw	0
   260  06D6  00B4               	movwf	main@Tint
   261                           
   262                           ;main.c: 50: unsigned long int raw=0;
   263  06D7  3000               	movlw	0
   264  06D8  00BC               	movwf	main@raw+3
   265  06D9  3000               	movlw	0
   266  06DA  00BB               	movwf	main@raw+2
   267  06DB  3000               	movlw	0
   268  06DC  00BA               	movwf	main@raw+1
   269  06DD  3000               	movlw	0
   270  06DE  00B9               	movwf	main@raw
   271                           
   272                           ;main.c: 51: char calInt;
   273                           ;main.c: 52: MAXreg MAXdata;
   274                           ;main.c: 55: OSCCON=0b01111100;
   275  06DF  307C               	movlw	124
   276  06E0  1683               	bsf	3,5	;RP0=1, select bank1
   277  06E1  1303               	bcf	3,6	;RP1=0, select bank1
   278  06E2  008F               	movwf	15	;volatile
   279                           
   280                           ;main.c: 56: TRISAbits.TRISA6=0;
   281  06E3  1305               	bcf	5,6	;volatile
   282                           
   283                           ;main.c: 60: INTCON=0;
   284  06E4  018B               	clrf	11	;volatile
   285                           
   286                           ;main.c: 63: CCP1CONbits.CCP1M=0;
   287  06E5  30F0               	movlw	-16
   288  06E6  1283               	bcf	3,5	;RP0=0, select bank0
   289  06E7  1303               	bcf	3,6	;RP1=0, select bank0
   290  06E8  0597               	andwf	23,f	;volatile
   291                           
   292                           ;main.c: 64: RCSTAbits.SPEN=0;
   293  06E9  1398               	bcf	24,7	;volatile
   294                           
   295                           ;main.c: 65: SSPCONbits.SSPEN=0;
   296  06EA  1294               	bcf	20,5	;volatile
   297                           
   298                           ;main.c: 69: TRISBbits.TRISB1=1;
   299  06EB  1683               	bsf	3,5	;RP0=1, select bank1
   300  06EC  1303               	bcf	3,6	;RP1=0, select bank1
   301  06ED  1486               	bsf	6,1	;volatile
   302                           
   303                           ;main.c: 70: TRISBbits.TRISB2=0;
   304  06EE  1106               	bcf	6,2	;volatile
   305                           
   306                           ;main.c: 71: TRISBbits.TRISB3=0;
   307  06EF  1186               	bcf	6,3	;volatile
   308                           
   309                           ;main.c: 74: PORTBbits.RB3=1;
   310  06F0  1283               	bcf	3,5	;RP0=0, select bank0
   311  06F1  1303               	bcf	3,6	;RP1=0, select bank0
   312  06F2  1586               	bsf	6,3	;volatile
   313  06F3                     l757:	
   314                           ;main.c: 76: while(1)
   315                           
   316                           
   317                           ;main.c: 77: {
   318                           ;main.c: 78: raw=0;
   319  06F3  3000               	movlw	0
   320  06F4  1283               	bcf	3,5	;RP0=0, select bank0
   321  06F5  1303               	bcf	3,6	;RP1=0, select bank0
   322  06F6  00BC               	movwf	main@raw+3
   323  06F7  3000               	movlw	0
   324  06F8  00BB               	movwf	main@raw+2
   325  06F9  3000               	movlw	0
   326  06FA  00BA               	movwf	main@raw+1
   327  06FB  3000               	movlw	0
   328  06FC  00B9               	movwf	main@raw
   329                           
   330                           ;main.c: 79: PORTBbits.RB3=0;
   331  06FD  1186               	bcf	6,3	;volatile
   332                           
   333                           ;main.c: 80: PORTBbits.RB2=0;
   334  06FE  1106               	bcf	6,2	;volatile
   335                           
   336                           ;main.c: 81: _delay((unsigned long)((1)*(8000000/4000000.0)));
   337  06FF  2F00               	nop2	;2 cycle nop
   338                           
   339                           ;main.c: 82: for(i=0;i<32;i++)
   340  0700  1283               	bcf	3,5	;RP0=0, select bank0
   341  0701  1303               	bcf	3,6	;RP1=0, select bank0
   342  0702  01BD               	clrf	main@i
   343  0703  3020               	movlw	32
   344  0704  023D               	subwf	main@i,w
   345  0705  1803               	btfsc	3,0
   346  0706  2F4A               	goto	l23
   347  0707                     l22:	
   348                           
   349                           ;main.c: 83: {
   350                           ;main.c: 84: PORTBbits.RB2=1;
   351  0707  1506               	bsf	6,2	;volatile
   352                           
   353                           ;main.c: 85: _delay((unsigned long)((1)*(8000000/4000000.0)));
   354  0708  2F09               	nop2	;2 cycle nop
   355                           
   356                           ;main.c: 86: raw+=PORTBbits.RB1;
   357  0709  1283               	bcf	3,5	;RP0=0, select bank0
   358  070A  1303               	bcf	3,6	;RP1=0, select bank0
   359  070B  0C06               	rrf	6,w	;volatile
   360  070C  3901               	andlw	1
   361  070D  00A4               	movwf	??_main
   362  070E  01A5               	clrf	??_main+1
   363  070F  01A6               	clrf	??_main+2
   364  0710  01A7               	clrf	??_main+3
   365  0711  0824               	movf	??_main,w
   366  0712  07B9               	addwf	main@raw,f
   367  0713  0825               	movf	??_main+1,w
   368  0714  1103               	clrz
   369  0715  1803               	skipnc
   370  0716  3E01               	addlw	1
   371  0717  1D03               	btfss	3,2
   372  0718  07BA               	addwf	main@raw+1,f
   373  0719  0826               	movf	??_main+2,w
   374  071A  1103               	clrz
   375  071B  1803               	skipnc
   376  071C  3E01               	addlw	1
   377  071D  1D03               	btfss	3,2
   378  071E  07BB               	addwf	main@raw+2,f
   379  071F  0827               	movf	??_main+3,w
   380  0720  1103               	clrz
   381  0721  1803               	skipnc
   382  0722  3E01               	addlw	1
   383  0723  1D03               	btfss	3,2
   384  0724  07BC               	addwf	main@raw+3,f
   385                           
   386                           ;main.c: 87: raw=raw<<1;
   387  0725  0839               	movf	main@raw,w
   388  0726  00A4               	movwf	??_main
   389  0727  083A               	movf	main@raw+1,w
   390  0728  00A5               	movwf	??_main+1
   391  0729  083B               	movf	main@raw+2,w
   392  072A  00A6               	movwf	??_main+2
   393  072B  083C               	movf	main@raw+3,w
   394  072C  00A7               	movwf	??_main+3
   395  072D  3001               	movlw	1
   396  072E                     u365:	
   397  072E  1003               	clrc
   398  072F  0DA4               	rlf	??_main,f
   399  0730  0DA5               	rlf	??_main+1,f
   400  0731  0DA6               	rlf	??_main+2,f
   401  0732  0DA7               	rlf	??_main+3,f
   402  0733  3EFF               	addlw	-1
   403  0734  1D03               	skipz
   404  0735  2F2E               	goto	u365
   405  0736  0827               	movf	??_main+3,w
   406  0737  00BC               	movwf	main@raw+3
   407  0738  0826               	movf	??_main+2,w
   408  0739  00BB               	movwf	main@raw+2
   409  073A  0825               	movf	??_main+1,w
   410  073B  00BA               	movwf	main@raw+1
   411  073C  0824               	movf	??_main,w
   412  073D  00B9               	movwf	main@raw
   413                           
   414                           ;main.c: 88: PORTBbits.RB2=0;
   415  073E  1106               	bcf	6,2	;volatile
   416                           
   417                           ;main.c: 89: _delay((unsigned long)((1)*(8000000/4000000.0)));
   418  073F  2F40               	nop2	;2 cycle nop
   419  0740  3001               	movlw	1
   420  0741  1283               	bcf	3,5	;RP0=0, select bank0
   421  0742  1303               	bcf	3,6	;RP1=0, select bank0
   422  0743  00A4               	movwf	??_main
   423  0744  0824               	movf	??_main,w
   424  0745  07BD               	addwf	main@i,f
   425  0746  3020               	movlw	32
   426  0747  023D               	subwf	main@i,w
   427  0748  1C03               	skipc
   428  0749  2F07               	goto	l22
   429  074A                     l23:	
   430                           
   431                           ;main.c: 91: }
   432                           ;main.c: 92: PORTBbits.RB3=1;
   433  074A  1586               	bsf	6,3	;volatile
   434                           
   435                           ;main.c: 93: MAXdata.val=raw;
   436  074B  083C               	movf	main@raw+3,w
   437  074C  00C1               	movwf	main@MAXdata+3
   438  074D  083B               	movf	main@raw+2,w
   439  074E  00C0               	movwf	main@MAXdata+2
   440  074F  083A               	movf	main@raw+1,w
   441  0750  00BF               	movwf	main@MAXdata+1
   442  0751  0839               	movf	main@raw,w
   443  0752  00BE               	movwf	main@MAXdata
   444                           
   445                           ;main.c: 95: int a,b,c,d;
   446                           ;main.c: 98: calInt=20;
   447  0753  3014               	movlw	20
   448  0754  00A4               	movwf	??_main
   449  0755  0824               	movf	??_main,w
   450  0756  00B8               	movwf	main@calInt
   451                           
   452                           ;main.c: 99: Tint= (( MAXdata.fields.Tint2*16 + MAXdata.fields.Tint1 )* 25 )/400 - calIn
      +                          t;
   453  0757  0838               	movf	main@calInt,w
   454  0758  00A4               	movwf	??_main
   455  0759  01A5               	clrf	??_main+1
   456  075A  09A4               	comf	??_main,f
   457  075B  09A5               	comf	??_main+1,f
   458  075C  0AA4               	incf	??_main,f
   459  075D  1903               	skipnz
   460  075E  0AA5               	incf	??_main+1,f
   461  075F  3090               	movlw	144
   462  0760  00F6               	movwf	?___awdiv
   463  0761  3001               	movlw	1
   464  0762  00F7               	movwf	?___awdiv+1
   465  0763  083F               	movf	main@MAXdata+1,w
   466  0764  39FF               	andlw	255
   467  0765  00A6               	movwf	??_main+2
   468  0766  01A7               	clrf	??_main+3
   469  0767  0EA6               	swapf	??_main+2,f
   470  0768  0EA7               	swapf	??_main+3,f
   471  0769  30F0               	movlw	240
   472  076A  05A7               	andwf	??_main+3,f
   473  076B  0826               	movf	??_main+2,w
   474  076C  390F               	andlw	15
   475  076D  04A7               	iorwf	??_main+3,f
   476  076E  30F0               	movlw	240
   477  076F  05A6               	andwf	??_main+2,f
   478  0770  0E3E               	swapf	main@MAXdata,w
   479  0771  390F               	andlw	15
   480  0772  0726               	addwf	??_main+2,w
   481  0773  00F0               	movwf	?___wmul
   482  0774  3000               	movlw	0
   483  0775  1803               	skipnc
   484  0776  3001               	movlw	1
   485  0777  0727               	addwf	??_main+3,w
   486  0778  00F1               	movwf	?___wmul+1
   487  0779  3019               	movlw	25
   488  077A  00F2               	movwf	?___wmul+2
   489  077B  3000               	movlw	0
   490  077C  00F3               	movwf	?___wmul+3
   491  077D  118A  2644  118A   	fcall	___wmul
   492  0780  0871               	movf	?___wmul+1,w
   493  0781  01F9               	clrf	?___awdiv+3
   494  0782  07F9               	addwf	?___awdiv+3,f
   495  0783  0870               	movf	?___wmul,w
   496  0784  01F8               	clrf	?___awdiv+2
   497  0785  07F8               	addwf	?___awdiv+2,f
   498  0786  118A  2667  118A   	fcall	___awdiv
   499  0789  1283               	bcf	3,5	;RP0=0, select bank0
   500  078A  1303               	bcf	3,6	;RP1=0, select bank0
   501  078B  0824               	movf	??_main,w
   502  078C  0776               	addwf	?___awdiv,w
   503  078D  00B4               	movwf	main@Tint
   504  078E  0825               	movf	??_main+1,w
   505  078F  1803               	skipnc
   506  0790  0A25               	incf	??_main+1,w
   507  0791  0777               	addwf	?___awdiv+1,w
   508  0792  00B5               	movwf	main@Tint+1
   509  0793  01B6               	clrf	main@Tint+2
   510  0794  1BB5               	btfsc	main@Tint+1,7
   511  0795  03B6               	decf	main@Tint+2,f
   512  0796  0836               	movf	main@Tint+2,w
   513  0797  00B7               	movwf	main@Tint+3
   514                           
   515                           ;main.c: 100: Text= ((MAXdata.fields.Text2*64 + MAXdata.fields.Text1)* 25 )/100;
   516  0798  3064               	movlw	100
   517  0799  00F6               	movwf	?___awdiv
   518  079A  3000               	movlw	0
   519  079B  00F7               	movwf	?___awdiv+1
   520  079C  0841               	movf	main@MAXdata+3,w
   521  079D  39FF               	andlw	255
   522  079E  00A4               	movwf	??_main
   523  079F  01A5               	clrf	??_main+1
   524  07A0  3006               	movlw	6
   525  07A1  00FF               	movwf	127
   526  07A2                     u385:	
   527  07A2  1003               	clrc
   528  07A3  0DA4               	rlf	??_main,f
   529  07A4  0DA5               	rlf	??_main+1,f
   530  07A5  0BFF               	decfsz	127,f
   531  07A6  2FA2               	goto	u385
   532  07A7  0C40               	rrf	main@MAXdata+2,w
   533  07A8  00A6               	movwf	??_main+2
   534  07A9  0C26               	rrf	??_main+2,w
   535  07AA  393F               	andlw	63
   536  07AB  0724               	addwf	??_main,w
   537  07AC  00F0               	movwf	?___wmul
   538  07AD  3000               	movlw	0
   539  07AE  1803               	skipnc
   540  07AF  3001               	movlw	1
   541  07B0  0725               	addwf	??_main+1,w
   542  07B1  00F1               	movwf	?___wmul+1
   543  07B2  3019               	movlw	25
   544  07B3  00F2               	movwf	?___wmul+2
   545  07B4  3000               	movlw	0
   546  07B5  00F3               	movwf	?___wmul+3
   547  07B6  118A  2644  118A   	fcall	___wmul
   548  07B9  0871               	movf	?___wmul+1,w
   549  07BA  01F9               	clrf	?___awdiv+3
   550  07BB  07F9               	addwf	?___awdiv+3,f
   551  07BC  0870               	movf	?___wmul,w
   552  07BD  01F8               	clrf	?___awdiv+2
   553  07BE  07F8               	addwf	?___awdiv+2,f
   554  07BF  118A  2667  118A   	fcall	___awdiv
   555  07C2  0876               	movf	?___awdiv,w
   556  07C3  1283               	bcf	3,5	;RP0=0, select bank0
   557  07C4  1303               	bcf	3,6	;RP1=0, select bank0
   558  07C5  00B0               	movwf	main@Text
   559  07C6  0877               	movf	?___awdiv+1,w
   560  07C7  00B1               	movwf	main@Text+1
   561  07C8  3000               	movlw	0
   562  07C9  1BB1               	btfsc	main@Text+1,7
   563  07CA  30FF               	movlw	255
   564  07CB  00B2               	movwf	main@Text+2
   565  07CC  00B3               	movwf	main@Text+3
   566                           
   567                           ;main.c: 105: a=MAXdata.fields.OC;
   568  07CD  083E               	movf	main@MAXdata,w
   569  07CE  3901               	andlw	1
   570  07CF  00A4               	movwf	??_main
   571  07D0  01A5               	clrf	??_main+1
   572  07D1  0824               	movf	??_main,w
   573  07D2  00A8               	movwf	main@a
   574  07D3  0825               	movf	??_main+1,w
   575  07D4  00A9               	movwf	main@a+1
   576                           
   577                           ;main.c: 106: b=MAXdata.fields.SCG;
   578  07D5  0C3E               	rrf	main@MAXdata,w
   579  07D6  3901               	andlw	1
   580  07D7  00A4               	movwf	??_main
   581  07D8  01A5               	clrf	??_main+1
   582  07D9  0824               	movf	??_main,w
   583  07DA  00AA               	movwf	main@b
   584  07DB  0825               	movf	??_main+1,w
   585  07DC  00AB               	movwf	main@b+1
   586                           
   587                           ;main.c: 107: c=MAXdata.fields.SCV;
   588  07DD  0C3E               	rrf	main@MAXdata,w
   589  07DE  00A4               	movwf	??_main
   590  07DF  0C24               	rrf	??_main,w
   591  07E0  3901               	andlw	1
   592  07E1  00A5               	movwf	??_main+1
   593  07E2  01A6               	clrf	??_main+2
   594  07E3  0825               	movf	??_main+1,w
   595  07E4  00AC               	movwf	main@c
   596  07E5  0826               	movf	??_main+2,w
   597  07E6  00AD               	movwf	main@c+1
   598                           
   599                           ;main.c: 108: d=MAXdata.fields.faultBit;
   600  07E7  0840               	movf	main@MAXdata+2,w
   601  07E8  3901               	andlw	1
   602  07E9  00A4               	movwf	??_main
   603  07EA  01A5               	clrf	??_main+1
   604  07EB  0824               	movf	??_main,w
   605  07EC  00AE               	movwf	main@d
   606  07ED  0825               	movf	??_main+1,w
   607  07EE  00AF               	movwf	main@d+1
   608                           
   609                           ;main.c: 110: _delay((unsigned long)((100)*(8000000/4000.0)));
   610  07EF  3002               	movlw	2
   611  07F0  00A6               	movwf	??_main+2
   612  07F1  3004               	movlw	4
   613  07F2  00A5               	movwf	??_main+1
   614  07F3  30BA               	movlw	186
   615  07F4  00A4               	movwf	??_main
   616  07F5                     u397:	
   617  07F5  0BA4               	decfsz	??_main,f
   618  07F6  2FF5               	goto	u397
   619  07F7  0BA5               	decfsz	??_main+1,f
   620  07F8  2FF5               	goto	u397
   621  07F9  0BA6               	decfsz	??_main+2,f
   622  07FA  2FF5               	goto	u397
   623  07FB  0000               	nop
   624  07FC  2EF3               	goto	l757
   625  07FD                     __end_of_main:	
   626                           
   627                           	psect	text1
   628  0644                     __ptext1:	
   629 ;; *************** function ___wmul *****************
   630 ;; Defined at:
   631 ;;		line 3 in file "/home/frico/microchip/xc8/v1.21/sources/pic/wmul.c"
   632 ;; Parameters:    Size  Location     Type
   633 ;;  multiplier      2    0[COMMON] unsigned int 
   634 ;;  multiplicand    2    2[COMMON] unsigned int 
   635 ;; Auto vars:     Size  Location     Type
   636 ;;  product         2    4[COMMON] unsigned int 
   637 ;; Return value:  Size  Location     Type
   638 ;;                  2    0[COMMON] unsigned int 
   639 ;; Registers used:
   640 ;;		wreg, status,2, status,0
   641 ;; Tracked objects:
   642 ;;		On entry : 0/0
   643 ;;		On exit  : 0/0
   644 ;;		Unchanged: 0/0
   645 ;; Data sizes:     COMMON   BANK0   BANK1   BANK3   BANK2
   646 ;;      Params:         4       0       0       0       0
   647 ;;      Locals:         2       0       0       0       0
   648 ;;      Temps:          0       0       0       0       0
   649 ;;      Totals:         6       0       0       0       0
   650 ;;Total ram usage:        6 bytes
   651 ;; Hardware stack levels used:    1
   652 ;; This function calls:
   653 ;;		Nothing
   654 ;; This function is called by:
   655 ;;		_main
   656 ;; This function uses a non-reentrant model
   657 ;;
   658                           
   659                           
   660                           ;psect for function ___wmul
   661  0644                     ___wmul:	
   662                           
   663                           ;incstack = 0
   664                           ; Regs used in ___wmul: [wreg+status,2+status,0]
   665  0644  01F4               	clrf	___wmul@product
   666  0645  01F5               	clrf	___wmul@product+1
   667  0646                     l677:	
   668  0646  1C70               	btfss	___wmul@multiplier,0
   669  0647  2E4E               	goto	l459
   670  0648  0872               	movf	___wmul@multiplicand,w
   671  0649  07F4               	addwf	___wmul@product,f
   672  064A  1803               	skipnc
   673  064B  0AF5               	incf	___wmul@product+1,f
   674  064C  0873               	movf	___wmul@multiplicand+1,w
   675  064D  07F5               	addwf	___wmul@product+1,f
   676  064E                     l459:	
   677  064E  3001               	movlw	1
   678  064F                     u215:	
   679  064F  1003               	clrc
   680  0650  0DF2               	rlf	___wmul@multiplicand,f
   681  0651  0DF3               	rlf	___wmul@multiplicand+1,f
   682  0652  3EFF               	addlw	-1
   683  0653  1D03               	skipz
   684  0654  2E4F               	goto	u215
   685  0655  3001               	movlw	1
   686  0656                     u225:	
   687  0656  1003               	clrc
   688  0657  0CF1               	rrf	___wmul@multiplier+1,f
   689  0658  0CF0               	rrf	___wmul@multiplier,f
   690  0659  3EFF               	addlw	-1
   691  065A  1D03               	skipz
   692  065B  2E56               	goto	u225
   693  065C  0871               	movf	___wmul@multiplier+1,w
   694  065D  0470               	iorwf	___wmul@multiplier,w
   695  065E  1D03               	skipz
   696  065F  2E46               	goto	l677
   697  0660  0875               	movf	___wmul@product+1,w
   698  0661  01F1               	clrf	?___wmul+1
   699  0662  07F1               	addwf	?___wmul+1,f
   700  0663  0874               	movf	___wmul@product,w
   701  0664  01F0               	clrf	?___wmul
   702  0665  07F0               	addwf	?___wmul,f
   703  0666  0008               	return
   704  0667                     __end_of___wmul:	
   705                           
   706                           	psect	text2
   707  0667                     __ptext2:	
   708 ;; *************** function ___awdiv *****************
   709 ;; Defined at:
   710 ;;		line 5 in file "/home/frico/microchip/xc8/v1.21/sources/pic/awdiv.c"
   711 ;; Parameters:    Size  Location     Type
   712 ;;  divisor         2    6[COMMON] int 
   713 ;;  dividend        2    8[COMMON] int 
   714 ;; Auto vars:     Size  Location     Type
   715 ;;  quotient        2    2[BANK0 ] int 
   716 ;;  sign            1    1[BANK0 ] unsigned char 
   717 ;;  counter         1    0[BANK0 ] unsigned char 
   718 ;; Return value:  Size  Location     Type
   719 ;;                  2    6[COMMON] int 
   720 ;; Registers used:
   721 ;;		wreg, status,2, status,0
   722 ;; Tracked objects:
   723 ;;		On entry : 0/0
   724 ;;		On exit  : 0/0
   725 ;;		Unchanged: 0/0
   726 ;; Data sizes:     COMMON   BANK0   BANK1   BANK3   BANK2
   727 ;;      Params:         4       0       0       0       0
   728 ;;      Locals:         0       4       0       0       0
   729 ;;      Temps:          1       0       0       0       0
   730 ;;      Totals:         5       4       0       0       0
   731 ;;Total ram usage:        9 bytes
   732 ;; Hardware stack levels used:    1
   733 ;; This function calls:
   734 ;;		Nothing
   735 ;; This function is called by:
   736 ;;		_main
   737 ;; This function uses a non-reentrant model
   738 ;;
   739                           
   740                           
   741                           ;psect for function ___awdiv
   742  0667                     ___awdiv:	
   743                           
   744                           ;incstack = 0
   745                           ; Regs used in ___awdiv: [wreg+status,2+status,0]
   746  0667  1283               	bcf	3,5	;RP0=0, select bank0
   747  0668  1303               	bcf	3,6	;RP1=0, select bank0
   748  0669  01A1               	clrf	___awdiv@sign
   749  066A  1FF7               	btfss	___awdiv@divisor+1,7
   750  066B  2E73               	goto	l695
   751  066C  09F6               	comf	___awdiv@divisor,f
   752  066D  09F7               	comf	___awdiv@divisor+1,f
   753  066E  0AF6               	incf	___awdiv@divisor,f
   754  066F  1903               	skipnz
   755  0670  0AF7               	incf	___awdiv@divisor+1,f
   756  0671  01A1               	clrf	___awdiv@sign
   757  0672  0AA1               	incf	___awdiv@sign,f
   758  0673                     l695:	
   759  0673  1FF9               	btfss	___awdiv@dividend+1,7
   760  0674  2E7E               	goto	l701
   761  0675  09F8               	comf	___awdiv@dividend,f
   762  0676  09F9               	comf	___awdiv@dividend+1,f
   763  0677  0AF8               	incf	___awdiv@dividend,f
   764  0678  1903               	skipnz
   765  0679  0AF9               	incf	___awdiv@dividend+1,f
   766  067A  3001               	movlw	1
   767  067B  00FA               	movwf	??___awdiv
   768  067C  087A               	movf	??___awdiv,w
   769  067D  06A1               	xorwf	___awdiv@sign,f
   770  067E                     l701:	
   771  067E  01A2               	clrf	___awdiv@quotient
   772  067F  01A3               	clrf	___awdiv@quotient+1
   773  0680  0877               	movf	___awdiv@divisor+1,w
   774  0681  0476               	iorwf	___awdiv@divisor,w
   775  0682  1903               	skipnz
   776  0683  2EB5               	goto	l723
   777  0684  01A0               	clrf	___awdiv@counter
   778  0685  0AA0               	incf	___awdiv@counter,f
   779  0686                     l711:	
   780  0686  1BF7               	btfsc	___awdiv@divisor+1,7
   781  0687  2E94               	goto	l713
   782  0688  3001               	movlw	1
   783  0689                     u275:	
   784  0689  1003               	clrc
   785  068A  0DF6               	rlf	___awdiv@divisor,f
   786  068B  0DF7               	rlf	___awdiv@divisor+1,f
   787  068C  3EFF               	addlw	-1
   788  068D  1D03               	skipz
   789  068E  2E89               	goto	u275
   790  068F  3001               	movlw	1
   791  0690  00FA               	movwf	??___awdiv
   792  0691  087A               	movf	??___awdiv,w
   793  0692  07A0               	addwf	___awdiv@counter,f
   794  0693  2E86               	goto	l711
   795  0694                     l713:	
   796  0694  3001               	movlw	1
   797  0695                     u295:	
   798  0695  1003               	clrc
   799  0696  0DA2               	rlf	___awdiv@quotient,f
   800  0697  0DA3               	rlf	___awdiv@quotient+1,f
   801  0698  3EFF               	addlw	-1
   802  0699  1D03               	skipz
   803  069A  2E95               	goto	u295
   804  069B  0877               	movf	___awdiv@divisor+1,w
   805  069C  0279               	subwf	___awdiv@dividend+1,w
   806  069D  1D03               	skipz
   807  069E  2EA1               	goto	u305
   808  069F  0876               	movf	___awdiv@divisor,w
   809  06A0  0278               	subwf	___awdiv@dividend,w
   810  06A1                     u305:	
   811  06A1  1C03               	skipc
   812  06A2  2EAA               	goto	l719
   813  06A3  0876               	movf	___awdiv@divisor,w
   814  06A4  02F8               	subwf	___awdiv@dividend,f
   815  06A5  0877               	movf	___awdiv@divisor+1,w
   816  06A6  1C03               	skipc
   817  06A7  03F9               	decf	___awdiv@dividend+1,f
   818  06A8  02F9               	subwf	___awdiv@dividend+1,f
   819  06A9  1422               	bsf	___awdiv@quotient,0
   820  06AA                     l719:	
   821  06AA  3001               	movlw	1
   822  06AB                     u315:	
   823  06AB  1003               	clrc
   824  06AC  0CF7               	rrf	___awdiv@divisor+1,f
   825  06AD  0CF6               	rrf	___awdiv@divisor,f
   826  06AE  3EFF               	addlw	-1
   827  06AF  1D03               	skipz
   828  06B0  2EAB               	goto	u315
   829  06B1  3001               	movlw	1
   830  06B2  02A0               	subwf	___awdiv@counter,f
   831  06B3  1D03               	btfss	3,2
   832  06B4  2E94               	goto	l713
   833  06B5                     l723:	
   834  06B5  0821               	movf	___awdiv@sign,w
   835  06B6  1903               	btfsc	3,2
   836  06B7  2EBD               	goto	l727
   837  06B8  09A2               	comf	___awdiv@quotient,f
   838  06B9  09A3               	comf	___awdiv@quotient+1,f
   839  06BA  0AA2               	incf	___awdiv@quotient,f
   840  06BB  1903               	skipnz
   841  06BC  0AA3               	incf	___awdiv@quotient+1,f
   842  06BD                     l727:	
   843  06BD  0823               	movf	___awdiv@quotient+1,w
   844  06BE  01F7               	clrf	?___awdiv+1
   845  06BF  07F7               	addwf	?___awdiv+1,f
   846  06C0  0822               	movf	___awdiv@quotient,w
   847  06C1  01F6               	clrf	?___awdiv
   848  06C2  07F6               	addwf	?___awdiv,f
   849  06C3  0008               	return
   850  06C4                     __end_of___awdiv:	
   851  007E                     btemp	set	126	;btemp
   852  007E                     wtemp0	set	126


Data Sizes:
    Strings     0
    Constant    0
    Data        0
    BSS         0
    Persistent  0
    Stack       0

Auto Spaces:
    Space          Size  Autos    Used
    COMMON           14     11      11
    BANK0            80     34      34
    BANK1            80      0       0
    BANK3            96      0       0
    BANK2            96      0       0

Pointer List with Targets:

    ?___wmul	unsigned int  size(1) Largest target is 0

    ?___awdiv	int  size(1) Largest target is 0


Critical Paths under _main in COMMON

    _main->___awdiv
    ___awdiv->___wmul

Critical Paths under _main in BANK0

    _main->___awdiv

Critical Paths under _main in BANK1

    None.

Critical Paths under _main in BANK3

    None.

Critical Paths under _main in BANK2

    None.

Call Graph Tables:

 ---------------------------------------------------------------------------------
 (Depth) Function   	        Calls       Base Space   Used Autos Params    Refs
 ---------------------------------------------------------------------------------
 (0) _main                                                30    30      0     699
                                              4 BANK0     30    30      0
                            ___awdiv
                             ___wmul
 ---------------------------------------------------------------------------------
 (1) ___wmul                                               6     2      4      92
                                              0 COMMON     6     2      4
 ---------------------------------------------------------------------------------
 (1) ___awdiv                                              9     5      4     300
                                              6 COMMON     5     1      4
                                              0 BANK0      4     4      0
                             ___wmul (ARG)
 ---------------------------------------------------------------------------------
 Estimated maximum stack depth 1
 ---------------------------------------------------------------------------------

 Call Graph Graphs:

 _main (ROOT)
   ___awdiv
     ___wmul (ARG)
   ___wmul

 Address spaces:
Name               Size   Autos  Total    Cost      Usage
BITCOMMON            E      0       0       0        0.0%
EEDATA             100      0       0       0        0.0%
NULL                 0      0       0       0        0.0%
CODE                 0      0       0       0        0.0%
COMMON               E      B       B       1       78.6%
BITSFR0              0      0       0       1        0.0%
SFR0                 0      0       0       1        0.0%
BITSFR1              0      0       0       2        0.0%
SFR1                 0      0       0       2        0.0%
STACK                0      0       1       2        0.0%
ABS                  0      0       0       3        0.0%
BITBANK0            50      0       0       4        0.0%
BITSFR3              0      0       0       4        0.0%
SFR3                 0      0       0       4        0.0%
BANK0               50     22      22       5       42.5%
BITSFR2              0      0       0       5        0.0%
SFR2                 0      0       0       5        0.0%
BITBANK1            50      0       0       6        0.0%
BANK1               50      0       0       7        0.0%
BITBANK3            60      0       0       8        0.0%
BANK3               60      0       0       9        0.0%
BITBANK2            60      0       0      10        0.0%
BANK2               60      0       0      11        0.0%
DATA                 0      0       0      12        0.0%


Microchip Technology PIC Macro Assembler V1.21 build 54009 
Symbol Table                                                                                   Thu Dec  5 21:29:37 2013

            __CFG_CP$OFF 0000                       l22 0707                       l23 074A  
           ___awdiv@sign 0021      ___wmul@multiplicand 0072                      l701 067E  
                    l711 0686                      l713 0694                      l723 06B5  
                    l459 064E                      l727 06BD                      l719 06AA  
                    l677 0646                      l757 06F3                      l695 0673  
                    u215 064F                      u305 06A1                      u225 0656  
                    u315 06AB             __CFG_CPD$OFF 0000                      u275 0689  
                    u365 072E                      u295 0695                      u385 07A2  
                    u397 07F5             __CFG_IESO$ON 0000             __CFG_LVP$OFF 0000  
           __CFG_WRT$OFF 0000            __CFG_FCMEN$ON 0000                     _main 06C4  
                   btemp 007E            __CFG_BOREN$ON 0000                     start 0000  
          __CFG_MCLRE$ON 0000                    ?_main 0070          __end_of___awdiv 06C4  
          __CFG_WDTE$OFF 0000          ___awdiv@divisor 0076          ___awdiv@counter 0020  
         __CFG_CCPMX$RB0 0000                    main@a 0028                    main@b 002A  
                  main@c 002C                    main@d 002E                    main@i 003D  
                  status 0003                    wtemp0 007E          __initialization 07FD  
           __end_of_main 07FD                   ??_main 0024         ___awdiv@dividend 0078  
                 _INTCON 000B                   _OSCCON 008F           __CFG_PWRTE$OFF 0000  
                 ___wmul 0644                ??___awdiv 007A         ___awdiv@quotient 0022  
__end_of__initialization 07FD           __pcstackCOMMON 0070               __pmaintext 06C4  
                ?___wmul 0070                  ___awdiv 0667          __size_of___wmul 0023  
                __ptext0 0000                  __ptext1 0644                  __ptext2 0667  
                main@raw 0039     end_of_initialization 07FD                _RCSTAbits 0018  
              _PORTBbits 0006                _TRISAbits 0085                _TRISBbits 0086  
             main@calInt 0038              _CCP1CONbits 0017           __end_of___wmul 0667  
    start_initialization 07FD                 ??___wmul 0074            __pcstackBANK0 0020  
               ?___awdiv 0076           ___wmul@product 0074        ___wmul@multiplier 0070  
       __size_of___awdiv 005D            __size_of_main 0139                 main@Tint 0034  
               main@Text 0030      __CFG_FOSC$INTOSCCLK 0000              main@MAXdata 003E  
             _SSPCONbits 0014  
